# JRE version: Java(TM) SE Runtime Environment (8.0_131-b11) (build 1.8.0_131-b11)
# Java VM: Java HotSpot(TM) 64-Bit Server VM (25.131-b11 mixed mode bsd-amd64 compressed oops)
Heap:
 PSYoungGen      total 64000K, used 34514K [0x0000000795580000, 0x000000079df80000, 0x00000007c0000000)
  eden space 34816K, 15% used [0x0000000795580000,0x0000000795aef498,0x0000000797780000)
  from space 29184K, 99% used [0x0000000797800000,0x00000007994456b0,0x0000000799480000)
  to   space 53248K, 0% used [0x000000079ab80000,0x000000079ab80000,0x000000079df80000)
 ParOldGen       total 199168K, used 114814K [0x0000000740000000, 0x000000074c280000, 0x0000000795580000)
  object space 199168K, 57% used [0x0000000740000000,0x000000074701fa08,0x000000074c280000)
 Metaspace       used 5333K, capacity 5562K, committed 5760K, reserved 1056768K
  class space    used 544K, capacity 603K, committed 640K, reserved 1048576K
GC Heap History (10 events):
Event: 520.237 GC heap before
{Heap before GC invocations=9 (full 1):
 PSYoungGen      total 69632K, used 62128K [0x0000000795580000, 0x000000079c400000, 0x00000007c0000000)
  eden space 29184K, 100% used [0x0000000795580000,0x0000000797200000,0x0000000797200000)
  from space 40448K, 81% used [0x0000000797280000,0x00000007992ac050,0x0000000799a00000)
  to   space 41984K, 0% used [0x0000000799b00000,0x0000000799b00000,0x000000079c400000)
 ParOldGen       total 137728K, used 99713K [0x0000000740000000, 0x0000000748680000, 0x0000000795580000)
  object space 137728K, 72% used [0x0000000740000000,0x00000007461606b8,0x0000000748680000)
 Metaspace       used 5330K, capacity 5562K, committed 5760K, reserved 1056768K
  class space    used 544K, capacity 603K, committed 640K, reserved 1048576K
Event: 520.369 GC heap after
Heap after GC invocations=9 (full 1):
 PSYoungGen      total 66560K, used 41120K [0x0000000795580000, 0x000000079cc80000, 0x00000007c0000000)
  eden space 24576K, 0% used [0x0000000795580000,0x0000000795580000,0x0000000796d80000)
  from space 41984K, 97% used [0x0000000799b00000,0x000000079c3282c0,0x000000079c400000)
  to   space 46592K, 0% used [0x0000000796d80000,0x0000000796d80000,0x0000000799b00000)
 ParOldGen       total 137728K, used 102841K [0x0000000740000000, 0x0000000748680000, 0x0000000795580000)
  object space 137728K, 74% used [0x0000000740000000,0x000000074646e6b8,0x0000000748680000)
 Metaspace       used 5330K, capacity 5562K, committed 5760K, reserved 1056768K
  class space    used 544K, capacity 603K, committed 640K, reserved 1048576K
}
Event: 525.827 GC heap before
{Heap before GC invocations=10 (full 1):
 PSYoungGen      total 66560K, used 65696K [0x0000000795580000, 0x000000079cc80000, 0x00000007c0000000)
  eden space 24576K, 100% used [0x0000000795580000,0x0000000796d80000,0x0000000796d80000)
  from space 41984K, 97% used [0x0000000799b00000,0x000000079c3282c0,0x000000079c400000)
  to   space 46592K, 0% used [0x0000000796d80000,0x0000000796d80000,0x0000000799b00000)
 ParOldGen       total 137728K, used 102841K [0x0000000740000000, 0x0000000748680000, 0x0000000795580000)
  object space 137728K, 74% used [0x0000000740000000,0x000000074646e6b8,0x0000000748680000)
 Metaspace       used 5330K, capacity 5562K, committed 5760K, reserved 1056768K
  class space    used 544K, capacity 603K, committed 640K, reserved 1048576K
Event: 525.938 GC heap after
Heap after GC invocations=10 (full 1):
 PSYoungGen      total 71168K, used 46586K [0x0000000795580000, 0x000000079e480000, 0x00000007c0000000)
  eden space 24576K, 0% used [0x0000000795580000,0x0000000795580000,0x0000000796d80000)
  from space 46592K, 99% used [0x0000000796d80000,0x0000000799afe8e8,0x0000000799b00000)
  to   space 55808K, 0% used [0x000000079ae00000,0x000000079ae00000,0x000000079e480000)
 ParOldGen       total 137728K, used 112641K [0x0000000740000000, 0x0000000748680000, 0x0000000795580000)
  object space 137728K, 81% used [0x0000000740000000,0x0000000746e006b8,0x0000000748680000)
 Metaspace       used 5330K, capacity 5562K, committed 5760K, reserved 1056768K
  class space    used 544K, capacity 603K, committed 640K, reserved 1048576K
}
Event: 525.938 GC heap before
{Heap before GC invocations=11 (full 2):
 PSYoungGen      total 71168K, used 46586K [0x0000000795580000, 0x000000079e480000, 0x00000007c0000000)
  eden space 24576K, 0% used [0x0000000795580000,0x0000000795580000,0x0000000796d80000)
  from space 46592K, 99% used [0x0000000796d80000,0x0000000799afe8e8,0x0000000799b00000)
  to   space 55808K, 0% used [0x000000079ae00000,0x000000079ae00000,0x000000079e480000)
 ParOldGen       total 137728K, used 112641K [0x0000000740000000, 0x0000000748680000, 0x0000000795580000)
  object space 137728K, 81% used [0x0000000740000000,0x0000000746e006b8,0x0000000748680000)
 Metaspace       used 5330K, capacity 5562K, committed 5760K, reserved 1056768K
  class space    used 544K, capacity 603K, committed 640K, reserved 1048576K
Event: 526.918 GC heap after
Heap after GC invocations=11 (full 2):
 PSYoungGen      total 71168K, used 0K [0x0000000795580000, 0x000000079e480000, 0x00000007c0000000)
  eden space 24576K, 0% used [0x0000000795580000,0x0000000795580000,0x0000000796d80000)
  from space 46592K, 0% used [0x0000000796d80000,0x0000000796d80000,0x0000000799b00000)
  to   space 55808K, 0% used [0x000000079ae00000,0x000000079ae00000,0x000000079e480000)
 ParOldGen       total 199168K, used 114814K [0x0000000740000000, 0x000000074c280000, 0x0000000795580000)
  object space 199168K, 57% used [0x0000000740000000,0x000000074701fa08,0x000000074c280000)
 Metaspace       used 5330K, capacity 5562K, committed 5760K, reserved 1056768K
  class space    used 544K, capacity 603K, committed 640K, reserved 1048576K
}
Event: 531.257 GC heap before
{Heap before GC invocations=12 (full 2):
 PSYoungGen      total 71168K, used 24576K [0x0000000795580000, 0x000000079e480000, 0x00000007c0000000)
  eden space 24576K, 100% used [0x0000000795580000,0x0000000796d80000,0x0000000796d80000)
  from space 46592K, 0% used [0x0000000796d80000,0x0000000796d80000,0x0000000799b00000)
  to   space 55808K, 0% used [0x000000079ae00000,0x000000079ae00000,0x000000079e480000)
 ParOldGen       total 199168K, used 114814K [0x0000000740000000, 0x000000074c280000, 0x0000000795580000)
  object space 199168K, 57% used [0x0000000740000000,0x000000074701fa08,0x000000074c280000)
 Metaspace       used 5332K, capacity 5562K, committed 5760K, reserved 1056768K
  class space    used 544K, capacity 603K, committed 640K, reserved 1048576K
Event: 531.312 GC heap after
Heap after GC invocations=12 (full 2):
 PSYoungGen      total 91136K, used 20554K [0x0000000795580000, 0x000000079e480000, 0x00000007c0000000)
  eden space 35328K, 0% used [0x0000000795580000,0x0000000795580000,0x0000000797800000)
  from space 55808K, 36% used [0x000000079ae00000,0x000000079c2128b0,0x000000079e480000)
  to   space 55296K, 0% used [0x0000000797800000,0x0000000797800000,0x000000079ae00000)
 ParOldGen       total 199168K, used 114814K [0x0000000740000000, 0x000000074c280000, 0x0000000795580000)
  object space 199168K, 57% used [0x0000000740000000,0x000000074701fa08,0x000000074c280000)
 Metaspace       used 5332K, capacity 5562K, committed 5760K, reserved 1056768K
  class space    used 544K, capacity 603K, committed 640K, reserved 1048576K
}
Event: 649.138 GC heap before
{Heap before GC invocations=13 (full 2):
 PSYoungGen      total 91136K, used 55882K [0x0000000795580000, 0x000000079e480000, 0x00000007c0000000)
  eden space 35328K, 100% used [0x0000000795580000,0x0000000797800000,0x0000000797800000)
  from space 55808K, 36% used [0x000000079ae00000,0x000000079c2128b0,0x000000079e480000)
  to   space 55296K, 0% used [0x0000000797800000,0x0000000797800000,0x000000079ae00000)
 ParOldGen       total 199168K, used 114814K [0x0000000740000000, 0x000000074c280000, 0x0000000795580000)
  object space 199168K, 57% used [0x0000000740000000,0x000000074701fa08,0x000000074c280000)
 Metaspace       used 5333K, capacity 5562K, committed 5760K, reserved 1056768K
  class space    used 544K, capacity 603K, committed 640K, reserved 1048576K
Event: 649.190 GC heap after
Heap after GC invocations=13 (full 2):
 PSYoungGen      total 64000K, used 28949K [0x0000000795580000, 0x000000079df80000, 0x00000007c0000000)
  eden space 34816K, 0% used [0x0000000795580000,0x0000000795580000,0x0000000797780000)
  from space 29184K, 99% used [0x0000000797800000,0x00000007994456b0,0x0000000799480000)
  to   space 53248K, 0% used [0x000000079ab80000,0x000000079ab80000,0x000000079df80000)
 ParOldGen       total 199168K, used 114814K [0x0000000740000000, 0x000000074c280000, 0x0000000795580000)
  object space 199168K, 57% used [0x0000000740000000,0x000000074701fa08,0x000000074c280000)
 Metaspace       used 5333K, capacity 5562K, committed 5760K, reserved 1056768K
  class space    used 544K, capacity 603K, committed 640K, reserved 1048576K
}

