# JRE version: Java(TM) SE Runtime Environment (8.0_191-b12) (build 1.8.0_191-b12)
# Java VM: Java HotSpot(TM) 64-Bit Server VM (25.191-b12 mixed mode linux-amd64 compressed oops)
Heap:
 PSYoungGen      total 305152K, used 101376K [0x00000000d7100000, 0x00000000f0b80000, 0x0000000100000000)
  eden space 203776K, 0% used [0x00000000d7100000,0x00000000d7100000,0x00000000e3800000)
  from space 101376K, 100% used [0x00000000e3800000,0x00000000e9b00000,0x00000000e9b00000)
  to   space 82944K, 0% used [0x00000000e9b00000,0x00000000e9b00000,0x00000000eec00000)
 ParOldGen       total 192512K, used 130591K [0x0000000085200000, 0x0000000090e00000, 0x00000000d7100000)
  object space 192512K, 67% used [0x0000000085200000,0x000000008d187c68,0x0000000090e00000)
 Metaspace       used 7505K, capacity 7702K, committed 7808K, reserved 1056768K
  class space    used 805K, capacity 877K, committed 896K, reserved 1048576K
GC Heap History (10 events):
Event: 653.856 GC heap after
Heap after GC invocations=7 (full 2):
 PSYoungGen      total 68608K, used 0K [0x00000000d7100000, 0x00000000e5b80000, 0x0000000100000000)
  eden space 63488K, 0% used [0x00000000d7100000,0x00000000d7100000,0x00000000daf00000)
  from space 5120K, 0% used [0x00000000daf00000,0x00000000daf00000,0x00000000db400000)
  to   space 56832K, 0% used [0x00000000e2400000,0x00000000e2400000,0x00000000e5b80000)
 ParOldGen       total 142848K, used 55850K [0x0000000085200000, 0x000000008dd80000, 0x00000000d7100000)
  object space 142848K, 39% used [0x0000000085200000,0x000000008888a920,0x000000008dd80000)
 Metaspace       used 7506K, capacity 7714K, committed 7808K, reserved 1056768K
  class space    used 806K, capacity 883K, committed 896K, reserved 1048576K
}
Event: 659.953 GC heap before
{Heap before GC invocations=8 (full 2):
 PSYoungGen      total 68608K, used 63488K [0x00000000d7100000, 0x00000000e5b80000, 0x0000000100000000)
  eden space 63488K, 100% used [0x00000000d7100000,0x00000000daf00000,0x00000000daf00000)
  from space 5120K, 0% used [0x00000000daf00000,0x00000000daf00000,0x00000000db400000)
  to   space 56832K, 0% used [0x00000000e2400000,0x00000000e2400000,0x00000000e5b80000)
 ParOldGen       total 142848K, used 55850K [0x0000000085200000, 0x000000008dd80000, 0x00000000d7100000)
  object space 142848K, 39% used [0x0000000085200000,0x000000008888a920,0x000000008dd80000)
 Metaspace       used 7508K, capacity 7714K, committed 7808K, reserved 1056768K
  class space    used 808K, capacity 883K, committed 896K, reserved 1048576K
Event: 660.009 GC heap after
Heap after GC invocations=8 (full 2):
 PSYoungGen      total 172032K, used 36704K [0x00000000d7100000, 0x00000000e5700000, 0x0000000100000000)
  eden space 119808K, 0% used [0x00000000d7100000,0x00000000d7100000,0x00000000de600000)
  from space 52224K, 70% used [0x00000000e2400000,0x00000000e47d8000,0x00000000e5700000)
  to   space 57856K, 0% used [0x00000000de600000,0x00000000de600000,0x00000000e1e80000)
 ParOldGen       total 142848K, used 55858K [0x0000000085200000, 0x000000008dd80000, 0x00000000d7100000)
  object space 142848K, 39% used [0x0000000085200000,0x000000008888c920,0x000000008dd80000)
 Metaspace       used 7508K, capacity 7714K, committed 7808K, reserved 1056768K
  class space    used 808K, capacity 883K, committed 896K, reserved 1048576K
}
Event: 1838.804 GC heap before
{Heap before GC invocations=9 (full 2):
 PSYoungGen      total 172032K, used 156512K [0x00000000d7100000, 0x00000000e5700000, 0x0000000100000000)
  eden space 119808K, 100% used [0x00000000d7100000,0x00000000de600000,0x00000000de600000)
  from space 52224K, 70% used [0x00000000e2400000,0x00000000e47d8000,0x00000000e5700000)
  to   space 57856K, 0% used [0x00000000de600000,0x00000000de600000,0x00000000e1e80000)
 ParOldGen       total 142848K, used 55858K [0x0000000085200000, 0x000000008dd80000, 0x00000000d7100000)
  object space 142848K, 39% used [0x0000000085200000,0x000000008888c920,0x000000008dd80000)
 Metaspace       used 7509K, capacity 7714K, committed 7808K, reserved 1056768K
  class space    used 808K, capacity 883K, committed 896K, reserved 1048576K
Event: 1838.982 GC heap after
Heap after GC invocations=9 (full 2):
 PSYoungGen      total 177664K, used 57856K [0x00000000d7100000, 0x00000000eec00000, 0x0000000100000000)
  eden space 119808K, 0% used [0x00000000d7100000,0x00000000d7100000,0x00000000de600000)
  from space 57856K, 100% used [0x00000000de600000,0x00000000e1e80000,0x00000000e1e80000)
  to   space 82944K, 0% used [0x00000000e9b00000,0x00000000e9b00000,0x00000000eec00000)
 ParOldGen       total 142848K, used 84418K [0x0000000085200000, 0x000000008dd80000, 0x00000000d7100000)
  object space 142848K, 59% used [0x0000000085200000,0x000000008a470920,0x000000008dd80000)
 Metaspace       used 7509K, capacity 7714K, committed 7808K, reserved 1056768K
  class space    used 808K, capacity 883K, committed 896K, reserved 1048576K
}
Event: 2733.311 GC heap before
{Heap before GC invocations=10 (full 2):
 PSYoungGen      total 177664K, used 177664K [0x00000000d7100000, 0x00000000eec00000, 0x0000000100000000)
  eden space 119808K, 100% used [0x00000000d7100000,0x00000000de600000,0x00000000de600000)
  from space 57856K, 100% used [0x00000000de600000,0x00000000e1e80000,0x00000000e1e80000)
  to   space 82944K, 0% used [0x00000000e9b00000,0x00000000e9b00000,0x00000000eec00000)
 ParOldGen       total 142848K, used 84418K [0x0000000085200000, 0x000000008dd80000, 0x00000000d7100000)
  object space 142848K, 59% used [0x0000000085200000,0x000000008a470920,0x000000008dd80000)
 Metaspace       used 7512K, capacity 7714K, committed 7808K, reserved 1056768K
  class space    used 808K, capacity 883K, committed 896K, reserved 1048576K
Event: 2733.480 GC heap after
Heap after GC invocations=10 (full 2):
 PSYoungGen      total 286720K, used 82921K [0x00000000d7100000, 0x00000000f0b80000, 0x0000000100000000)
  eden space 203776K, 0% used [0x00000000d7100000,0x00000000d7100000,0x00000000e3800000)
  from space 82944K, 99% used [0x00000000e9b00000,0x00000000eebfa798,0x00000000eec00000)
  to   space 101376K, 0% used [0x00000000e3800000,0x00000000e3800000,0x00000000e9b00000)
 ParOldGen       total 142848K, used 93066K [0x0000000085200000, 0x000000008dd80000, 0x00000000d7100000)
  object space 142848K, 65% used [0x0000000085200000,0x000000008ace2920,0x000000008dd80000)
 Metaspace       used 7512K, capacity 7714K, committed 7808K, reserved 1056768K
  class space    used 808K, capacity 883K, committed 896K, reserved 1048576K
}
Event: 2733.480 GC heap before
{Heap before GC invocations=11 (full 3):
 PSYoungGen      total 286720K, used 82921K [0x00000000d7100000, 0x00000000f0b80000, 0x0000000100000000)
  eden space 203776K, 0% used [0x00000000d7100000,0x00000000d7100000,0x00000000e3800000)
  from space 82944K, 99% used [0x00000000e9b00000,0x00000000eebfa798,0x00000000eec00000)
  to   space 101376K, 0% used [0x00000000e3800000,0x00000000e3800000,0x00000000e9b00000)
 ParOldGen       total 142848K, used 93066K [0x0000000085200000, 0x000000008dd80000, 0x00000000d7100000)
  object space 142848K, 65% used [0x0000000085200000,0x000000008ace2920,0x000000008dd80000)
 Metaspace       used 7512K, capacity 7714K, committed 7808K, reserved 1056768K
  class space    used 808K, capacity 883K, committed 896K, reserved 1048576K
Event: 2733.755 GC heap after
Heap after GC invocations=11 (full 3):
 PSYoungGen      total 286720K, used 0K [0x00000000d7100000, 0x00000000f0b80000, 0x0000000100000000)
  eden space 203776K, 0% used [0x00000000d7100000,0x00000000d7100000,0x00000000e3800000)
  from space 82944K, 0% used [0x00000000e9b00000,0x00000000e9b00000,0x00000000eec00000)
  to   space 101376K, 0% used [0x00000000e3800000,0x00000000e3800000,0x00000000e9b00000)
 ParOldGen       total 192512K, used 103311K [0x0000000085200000, 0x0000000090e00000, 0x00000000d7100000)
  object space 192512K, 53% used [0x0000000085200000,0x000000008b6e3c68,0x0000000090e00000)
 Metaspace       used 7505K, capacity 7702K, committed 7808K, reserved 1056768K
  class space    used 805K, capacity 877K, committed 896K, reserved 1048576K
}
Event: 4167.326 GC heap before
{Heap before GC invocations=12 (full 3):
 PSYoungGen      total 286720K, used 203776K [0x00000000d7100000, 0x00000000f0b80000, 0x0000000100000000)
  eden space 203776K, 100% used [0x00000000d7100000,0x00000000e3800000,0x00000000e3800000)
  from space 82944K, 0% used [0x00000000e9b00000,0x00000000e9b00000,0x00000000eec00000)
  to   space 101376K, 0% used [0x00000000e3800000,0x00000000e3800000,0x00000000e9b00000)
 ParOldGen       total 192512K, used 103311K [0x0000000085200000, 0x0000000090e00000, 0x00000000d7100000)
  object space 192512K, 53% used [0x0000000085200000,0x000000008b6e3c68,0x0000000090e00000)
 Metaspace       used 7505K, capacity 7702K, committed 7808K, reserved 1056768K
  class space    used 805K, capacity 877K, committed 896K, reserved 1048576K

