# JRE version: OpenJDK Runtime Environment (10.0.2+13) (build 10.0.2+13-Ubuntu-1ubuntu0.18.04.3)
# Java VM: OpenJDK 64-Bit Server VM (10.0.2+13-Ubuntu-1ubuntu0.18.04.3, mixed mode, tiered, compressed oops, g1 gc, linux-amd64)
Heap:
 garbage-first heap   total 789504K, used 130009K [0x0000000085200000, 0x0000000100000000)
  region size 1024K, 2 young (2048K), 2 survivors (2048K)
 Metaspace       used 10218K, capacity 10415K, committed 10752K, reserved 1058816K
  class space    used 899K, capacity 984K, committed 1024K, reserved 1048576K
GC Heap History (10 events):
Event: 1180.585 GC heap after
{Heap after GC invocations=47 (full 24):
 garbage-first heap   total 263168K, used 115825K [0x0000000085200000, 0x0000000100000000)
  region size 1024K, 5 young (5120K), 5 survivors (5120K)
 Metaspace       used 10218K, capacity 10415K, committed 10752K, reserved 1058816K
  class space    used 899K, capacity 984K, committed 1024K, reserved 1048576K
}
Event: 1180.701 GC heap before
{Heap before GC invocations=47 (full 24):
 garbage-first heap   total 263168K, used 122993K [0x0000000085200000, 0x0000000100000000)
  region size 1024K, 12 young (12288K), 5 survivors (5120K)
 Metaspace       used 10218K, capacity 10415K, committed 10752K, reserved 1058816K
  class space    used 899K, capacity 984K, committed 1024K, reserved 1048576K
}
Event: 1180.728 GC heap after
{Heap after GC invocations=48 (full 24):
 garbage-first heap   total 263168K, used 110591K [0x0000000085200000, 0x0000000100000000)
  region size 1024K, 2 young (2048K), 2 survivors (2048K)
 Metaspace       used 10218K, capacity 10415K, committed 10752K, reserved 1058816K
  class space    used 899K, capacity 984K, committed 1024K, reserved 1048576K
}
Event: 1181.088 GC heap before
{Heap before GC invocations=48 (full 24):
 garbage-first heap   total 263168K, used 152575K [0x0000000085200000, 0x0000000100000000)
  region size 1024K, 43 young (44032K), 2 survivors (2048K)
 Metaspace       used 10218K, capacity 10415K, committed 10752K, reserved 1058816K
  class space    used 899K, capacity 984K, committed 1024K, reserved 1048576K
}
Event: 1181.248 GC heap after
{Heap after GC invocations=49 (full 24):
 garbage-first heap   total 263168K, used 151827K [0x0000000085200000, 0x0000000100000000)
  region size 1024K, 6 young (6144K), 6 survivors (6144K)
 Metaspace       used 10218K, capacity 10415K, committed 10752K, reserved 1058816K
  class space    used 899K, capacity 984K, committed 1024K, reserved 1048576K
}
Event: 1181.485 GC heap before
{Heap before GC invocations=49 (full 24):
 garbage-first heap   total 263168K, used 178451K [0x0000000085200000, 0x0000000100000000)
  region size 1024K, 32 young (32768K), 6 survivors (6144K)
 Metaspace       used 10218K, capacity 10415K, committed 10752K, reserved 1058816K
  class space    used 899K, capacity 984K, committed 1024K, reserved 1048576K
}
Event: 1182.378 GC heap after
{Heap after GC invocations=50 (full 24):
 garbage-first heap   total 263168K, used 174591K [0x0000000085200000, 0x0000000100000000)
  region size 1024K, 4 young (4096K), 4 survivors (4096K)
 Metaspace       used 10218K, capacity 10415K, committed 10752K, reserved 1058816K
  class space    used 899K, capacity 984K, committed 1024K, reserved 1048576K
}
Event: 1182.460 GC heap before
{Heap before GC invocations=50 (full 24):
 garbage-first heap   total 263168K, used 182783K [0x0000000085200000, 0x0000000100000000)
  region size 1024K, 12 young (12288K), 4 survivors (4096K)
 Metaspace       used 10218K, capacity 10415K, committed 10752K, reserved 1058816K
  class space    used 899K, capacity 984K, committed 1024K, reserved 1048576K
}
Event: 1182.828 GC heap after
{Heap after GC invocations=51 (full 24):
 garbage-first heap   total 263168K, used 184831K [0x0000000085200000, 0x0000000100000000)
  region size 1024K, 2 young (2048K), 2 survivors (2048K)
 Metaspace       used 10218K, capacity 10415K, committed 10752K, reserved 1058816K
  class space    used 899K, capacity 984K, committed 1024K, reserved 1048576K
}
Event: 1182.974 GC heap before
{Heap before GC invocations=52 (full 24):
 garbage-first heap   total 263168K, used 130559K [0x0000000085200000, 0x0000000100000000)
  region size 1024K, 12 young (12288K), 2 survivors (2048K)
 Metaspace       used 10218K, capacity 10415K, committed 10752K, reserved 1058816K
  class space    used 899K, capacity 984K, committed 1024K, reserved 1048576K
}

